[02:29:11.835][CONSTRUCT][CLIENT][INFO] Starting building internal Registries
[02:29:12.285][CONSTRUCT][CLIENT][INFO] The following mods have explicit CraftTweaker support:
'aquaculture' at version '1.16.5-2.1.23'
'ars_nouveau' at version '1.25.10'
'atum' at version '1.16.5-2.2.12'
'champions' at version '1.16.5-2.0.1.15'
'crafttweaker' at version '7.1.2.520'
'farmersdelight' at version '1.16.5-0.6.0'
'gamestages' at version '7.3.14'
[02:29:12.693][CONSTRUCT][CLIENT][INFO] Completed building internal Registries
[02:29:26.237][COMMON_SETUP][CLIENT][INFO] Started loading Scripts for Loader 'setupCommon'!
[02:29:26.851][COMMON_SETUP][CLIENT][INFO] Finished loading Scripts!
[02:29:40.197][DONE][CLIENT][INFO] Started loading Scripts for Loader 'crafttweaker'!
[02:29:40.261][DONE][CLIENT][INFO] Loading file: 'gamestages/bosskills.zs' with priority: 11
[02:29:40.264][DONE][CLIENT][INFO] Loading file: 'tags.zs' with priority: 11
[02:29:40.269][DONE][CLIENT][INFO] Loading file: 'affixNerf.zs' with priority: 10
[02:29:40.271][DONE][CLIENT][INFO] Loading file: 'armorDurabilityBuff.zs' with priority: 10
[02:29:40.271][DONE][CLIENT][INFO] Loading file: 'craftingTable.zs' with priority: 10
[02:29:40.273][DONE][CLIENT][INFO] Loading file: 'enchantDupeFix.zs' with priority: 10
[02:29:40.274][DONE][CLIENT][ERROR] Could not get item with name: <item:kubejs:forbid>! Item does not appear to exist!
[02:29:40.274][DONE][CLIENT][INFO] Loading file: 'enchantLock.zs' with priority: 10
[02:29:40.275][DONE][CLIENT][ERROR] Could not get item with name: <item:kubejs:forbid>! Item does not appear to exist!
[02:29:40.276][DONE][CLIENT][INFO] Loading file: 'endLock.zs' with priority: 10
[02:29:40.279][DONE][CLIENT][INFO] Loading file: 'examples/crafttweaker_crafting_recipes.zs' with priority: 10
[02:29:40.279][DONE][CLIENT][INFO] Loading file: 'examples/crafttweaker_events.zs' with priority: 10
[02:29:40.279][DONE][CLIENT][INFO] Loading file: 'examples/crafttweaker_hello_world.zs' with priority: 10
[02:29:40.279][DONE][CLIENT][INFO] Loading file: 'examples/crafttweaker_loot_modifiers.zs' with priority: 10
[02:29:40.279][DONE][CLIENT][INFO] Loading file: 'examples/crafttweaker_tags.zs' with priority: 10
[02:29:40.279][DONE][CLIENT][INFO] Loading file: 'furnace.zs' with priority: 10
[02:29:40.279][DONE][CLIENT][INFO] Loading file: 'gamestages/endlock.zs' with priority: 10
[02:29:40.279][DONE][CLIENT][INFO] Loading file: 'inconsistancyTweaks.zs' with priority: 10
[02:29:40.280][DONE][CLIENT][INFO] Loading file: 'item_attributes.zs' with priority: 10
[02:29:40.285][DONE][CLIENT][INFO] Loading file: 'ladder.zs' with priority: 10
[02:29:40.287][DONE][CLIENT][INFO] Loading file: 'magicTome.zs' with priority: 10
[02:29:40.287][DONE][CLIENT][INFO] Loading file: 'noflying.zs' with priority: 10
[02:29:40.288][DONE][CLIENT][INFO] Loading file: 'nu_tweaks.zs' with priority: 10
[02:29:40.289][DONE][CLIENT][INFO] Loading file: 'potionCharm.zs' with priority: 10
[02:29:40.290][DONE][CLIENT][INFO] Loading file: 'stackSize.zs' with priority: 10
[02:29:40.290][DONE][CLIENT][INFO] Loading file: 'stupidSpawnEggs.zs' with priority: 10
[02:29:40.290][DONE][CLIENT][INFO] Loading file: 'titles.zs' with priority: 10
[02:29:40.291][DONE][CLIENT][INFO] Loading file: 'tollBellNerf.zs' with priority: 10
[02:29:40.292][DONE][CLIENT][INFO] Loading file: 'villagertrades.zs' with priority: 10
[02:29:40.294][DONE][CLIENT][ERROR] Parser Exception @ enchantDupeFix.zs:8:18 : Invalid parameters to BEP item: '<item:kubejs:forbid>. There may be more information about this in the log.
org.openzen.zenscript.lexer.ParseException: enchantDupeFix.zs:8:18: Invalid parameters to BEP item: '<item:kubejs:forbid>. There may be more information about this in the log.
	at com.blamejared.crafttweaker.api.zencode.brackets.ValidatedEscapableBracketParser.parse(ValidatedEscapableBracketParser.java:115)
	at com.blamejared.crafttweaker.api.zencode.brackets.IgnorePrefixCasingBracketParser.parse(IgnorePrefixCasingBracketParser.java:84)
	at org.openzen.zenscript.parser.expression.ParsedExpression.readPrimaryExpression(ParsedExpression.java:562)
	at org.openzen.zenscript.parser.expression.ParsedExpression.readPostfixExpression(ParsedExpression.java:364)
	at org.openzen.zenscript.parser.expression.ParsedExpression.readUnaryExpression(ParsedExpression.java:359)
	at org.openzen.zenscript.parser.expression.ParsedExpression.readMulExpression(ParsedExpression.java:288)
	at org.openzen.zenscript.parser.expression.ParsedExpression.readAddExpression(ParsedExpression.java:258)
	at org.openzen.zenscript.parser.expression.ParsedExpression.readShiftExpression(ParsedExpression.java:237)
	at org.openzen.zenscript.parser.expression.ParsedExpression.readCompareExpression(ParsedExpression.java:166)
	at org.openzen.zenscript.parser.expression.ParsedExpression.readAndExpression(ParsedExpression.java:156)
	at org.openzen.zenscript.parser.expression.ParsedExpression.readXorExpression(ParsedExpression.java:146)
	at org.openzen.zenscript.parser.expression.ParsedExpression.readOrExpression(ParsedExpression.java:136)
	at org.openzen.zenscript.parser.expression.ParsedExpression.readAndAndExpression(ParsedExpression.java:126)
	at org.openzen.zenscript.parser.expression.ParsedExpression.readOrOrExpression(ParsedExpression.java:110)
	at org.openzen.zenscript.parser.expression.ParsedExpression.readConditionalExpression(ParsedExpression.java:97)
	at org.openzen.zenscript.parser.expression.ParsedExpression.readAssignExpression(ParsedExpression.java:49)
	at org.openzen.zenscript.parser.expression.ParsedExpression.readAssignExpression(ParsedExpression.java:54)
	at org.openzen.zenscript.parser.expression.ParsedExpression.parse(ParsedExpression.java:40)
	at org.openzen.zenscript.parser.statements.ParsedStatement.parse(ParsedStatement.java:299)
	at org.openzen.zenscript.parser.statements.ParsedStatement.parseBlock(ParsedStatement.java:66)
	at org.openzen.zenscript.parser.statements.ParsedStatement.parse(ParsedStatement.java:90)
	at org.openzen.zenscript.parser.statements.ParsedStatement.parse(ParsedStatement.java:81)
	at org.openzen.zenscript.parser.statements.ParsedStatement.parse(ParsedStatement.java:77)
	at org.openzen.zenscript.parser.statements.ParsedStatement.parse(ParsedStatement.java:125)
	at org.openzen.zenscript.parser.statements.ParsedStatement.parse(ParsedStatement.java:81)
	at org.openzen.zenscript.parser.statements.ParsedStatement.parse(ParsedStatement.java:77)
	at org.openzen.zenscript.parser.statements.ParsedStatement.parseLambdaBody(ParsedStatement.java:37)
	at org.openzen.zenscript.parser.expression.ParsedExpression.readPostfixExpression(ParsedExpression.java:409)
	at org.openzen.zenscript.parser.expression.ParsedExpression.readUnaryExpression(ParsedExpression.java:359)
	at org.openzen.zenscript.parser.expression.ParsedExpression.readMulExpression(ParsedExpression.java:288)
	at org.openzen.zenscript.parser.expression.ParsedExpression.readAddExpression(ParsedExpression.java:258)
	at org.openzen.zenscript.parser.expression.ParsedExpression.readShiftExpression(ParsedExpression.java:237)
	at org.openzen.zenscript.parser.expression.ParsedExpression.readCompareExpression(ParsedExpression.java:166)
	at org.openzen.zenscript.parser.expression.ParsedExpression.readAndExpression(ParsedExpression.java:156)
	at org.openzen.zenscript.parser.expression.ParsedExpression.readXorExpression(ParsedExpression.java:146)
	at org.openzen.zenscript.parser.expression.ParsedExpression.readOrExpression(ParsedExpression.java:136)
	at org.openzen.zenscript.parser.expression.ParsedExpression.readAndAndExpression(ParsedExpression.java:126)
	at org.openzen.zenscript.parser.expression.ParsedExpression.readOrOrExpression(ParsedExpression.java:110)
	at org.openzen.zenscript.parser.expression.ParsedExpression.readConditionalExpression(ParsedExpression.java:97)
	at org.openzen.zenscript.parser.expression.ParsedExpression.readAssignExpression(ParsedExpression.java:49)
	at org.openzen.zenscript.parser.expression.ParsedExpression.parse(ParsedExpression.java:40)
	at org.openzen.zenscript.parser.expression.ParsedCallArguments.parse(ParsedCallArguments.java:46)
	at org.openzen.zenscript.parser.expression.ParsedExpression.readPostfixExpression(ParsedExpression.java:399)
	at org.openzen.zenscript.parser.expression.ParsedExpression.readUnaryExpression(ParsedExpression.java:359)
	at org.openzen.zenscript.parser.expression.ParsedExpression.readMulExpression(ParsedExpression.java:288)
	at org.openzen.zenscript.parser.expression.ParsedExpression.readAddExpression(ParsedExpression.java:258)
	at org.openzen.zenscript.parser.expression.ParsedExpression.readShiftExpression(ParsedExpression.java:237)
	at org.openzen.zenscript.parser.expression.ParsedExpression.readCompareExpression(ParsedExpression.java:166)
	at org.openzen.zenscript.parser.expression.ParsedExpression.readAndExpression(ParsedExpression.java:156)
	at org.openzen.zenscript.parser.expression.ParsedExpression.readXorExpression(ParsedExpression.java:146)
	at org.openzen.zenscript.parser.expression.ParsedExpression.readOrExpression(ParsedExpression.java:136)
	at org.openzen.zenscript.parser.expression.ParsedExpression.readAndAndExpression(ParsedExpression.java:126)
	at org.openzen.zenscript.parser.expression.ParsedExpression.readOrOrExpression(ParsedExpression.java:110)
	at org.openzen.zenscript.parser.expression.ParsedExpression.readConditionalExpression(ParsedExpression.java:97)
	at org.openzen.zenscript.parser.expression.ParsedExpression.readAssignExpression(ParsedExpression.java:49)
	at org.openzen.zenscript.parser.expression.ParsedExpression.parse(ParsedExpression.java:40)
	at org.openzen.zenscript.parser.statements.ParsedStatement.parse(ParsedStatement.java:299)
	at org.openzen.zenscript.parser.statements.ParsedStatement.parse(ParsedStatement.java:81)
	at org.openzen.zenscript.parser.ParsedFile.parse(ParsedFile.java:215)
	at org.openzen.zenscript.parser.ParsedFile.parse(ParsedFile.java:158)
	at org.openzen.zencode.java.ScriptingEngine.createScriptedModule(ScriptingEngine.java:123)
	at com.blamejared.crafttweaker.api.zencode.impl.loaders.ScriptRun.readAndExecuteScripts(ScriptRun.java:112)
	at com.blamejared.crafttweaker.api.zencode.impl.loaders.ScriptRun.run(ScriptRun.java:100)
	at com.blamejared.crafttweaker.api.CraftTweakerAPI.loadScripts(CraftTweakerAPI.java:136)
	at com.blamejared.crafttweaker.api.CraftTweakerAPI.loadScripts(CraftTweakerAPI.java:119)
	at com.blamejared.crafttweaker.CraftTweaker$1.apply(CraftTweaker.java:219)
	at com.blamejared.crafttweaker.CraftTweaker$1.func_212853_a_(CraftTweaker.java:198)
	at net.minecraft.client.resources.ReloadListener.func_215269_a(SourceFile:13)
	at java.base/java.util.concurrent.CompletableFuture$UniAccept.tryFire(CompletableFuture.java:714)
	at java.base/java.util.concurrent.CompletableFuture$Completion.run(CompletableFuture.java:478)
	at net.minecraft.resources.AsyncReloader.func_219557_a(SourceFile:71)
	at net.minecraft.resources.AsyncReloader.func_219560_a(SourceFile:70)
	at java.base/java.util.concurrent.CompletableFuture$UniCompletion.claim(CompletableFuture.java:568)
	at java.base/java.util.concurrent.CompletableFuture$UniAccept.tryFire(CompletableFuture.java:710)
	at java.base/java.util.concurrent.CompletableFuture.postComplete(CompletableFuture.java:506)
	at java.base/java.util.concurrent.CompletableFuture.postFire(CompletableFuture.java:610)
	at java.base/java.util.concurrent.CompletableFuture$UniRun.tryFire(CompletableFuture.java:791)
	at java.base/java.util.concurrent.CompletableFuture$Completion.run(CompletableFuture.java:478)
	at net.minecraft.resources.AsyncReloader.func_219557_a(SourceFile:71)
	at net.minecraft.resources.AsyncReloader.func_219560_a(SourceFile:70)
	at java.base/java.util.concurrent.CompletableFuture$UniCompletion.claim(CompletableFuture.java:568)
	at java.base/java.util.concurrent.CompletableFuture$UniRun.tryFire(CompletableFuture.java:780)
	at java.base/java.util.concurrent.CompletableFuture.postComplete(CompletableFuture.java:506)
	at java.base/java.util.concurrent.CompletableFuture.postFire(CompletableFuture.java:610)
	at java.base/java.util.concurrent.CompletableFuture$UniAccept.tryFire(CompletableFuture.java:722)
	at java.base/java.util.concurrent.CompletableFuture$Completion.run(CompletableFuture.java:478)
	at net.minecraft.resources.AsyncReloader.func_219557_a(SourceFile:71)
	at net.minecraft.resources.AsyncReloader.func_219560_a(SourceFile:70)
	at java.base/java.util.concurrent.CompletableFuture$UniCompletion.claim(CompletableFuture.java:568)
	at java.base/java.util.concurrent.CompletableFuture$UniAccept.tryFire(CompletableFuture.java:710)
	at java.base/java.util.concurrent.CompletableFuture.postComplete(CompletableFuture.java:506)
	at java.base/java.util.concurrent.CompletableFuture$AsyncSupply.run(CompletableFuture.java:1705)
	at java.base/java.util.concurrent.CompletableFuture$AsyncSupply.exec(CompletableFuture.java:1692)
	at java.base/java.util.concurrent.ForkJoinTask.doExec(ForkJoinTask.java:290)
	at java.base/java.util.concurrent.ForkJoinPool$WorkQueue.topLevelExec(ForkJoinPool.java:1020)
	at java.base/java.util.concurrent.ForkJoinPool.scan(ForkJoinPool.java:1656)
	at java.base/java.util.concurrent.ForkJoinPool.runWorker(ForkJoinPool.java:1594)
	at java.base/java.util.concurrent.ForkJoinWorkerThread.run(ForkJoinWorkerThread.java:183)

[02:29:40.294][DONE][CLIENT][ERROR] Parser Exception @ enchantDupeFix.zs:9:1 : Type expected (got })
org.openzen.zenscript.lexer.ParseException: enchantDupeFix.zs:9:1: Type expected (got })
	at org.openzen.zenscript.parser.type.IParsedType.parse(IParsedType.java:24)
	at org.openzen.zenscript.parser.expression.ParsedExpression.readPrimaryExpression(ParsedExpression.java:564)
	at org.openzen.zenscript.parser.expression.ParsedExpression.readPostfixExpression(ParsedExpression.java:364)
	at org.openzen.zenscript.parser.expression.ParsedExpression.readUnaryExpression(ParsedExpression.java:359)
	at org.openzen.zenscript.parser.expression.ParsedExpression.readMulExpression(ParsedExpression.java:288)
	at org.openzen.zenscript.parser.expression.ParsedExpression.readAddExpression(ParsedExpression.java:258)
	at org.openzen.zenscript.parser.expression.ParsedExpression.readShiftExpression(ParsedExpression.java:237)
	at org.openzen.zenscript.parser.expression.ParsedExpression.readCompareExpression(ParsedExpression.java:166)
	at org.openzen.zenscript.parser.expression.ParsedExpression.readAndExpression(ParsedExpression.java:156)
	at org.openzen.zenscript.parser.expression.ParsedExpression.readXorExpression(ParsedExpression.java:146)
	at org.openzen.zenscript.parser.expression.ParsedExpression.readOrExpression(ParsedExpression.java:136)
	at org.openzen.zenscript.parser.expression.ParsedExpression.readAndAndExpression(ParsedExpression.java:126)
	at org.openzen.zenscript.parser.expression.ParsedExpression.readOrOrExpression(ParsedExpression.java:110)
	at org.openzen.zenscript.parser.expression.ParsedExpression.readConditionalExpression(ParsedExpression.java:97)
	at org.openzen.zenscript.parser.expression.ParsedExpression.readAssignExpression(ParsedExpression.java:49)
	at org.openzen.zenscript.parser.expression.ParsedExpression.parse(ParsedExpression.java:40)
	at org.openzen.zenscript.parser.statements.ParsedStatement.parse(ParsedStatement.java:299)
	at org.openzen.zenscript.parser.statements.ParsedStatement.parse(ParsedStatement.java:81)
	at org.openzen.zenscript.parser.ParsedFile.parse(ParsedFile.java:215)
	at org.openzen.zenscript.parser.ParsedFile.parse(ParsedFile.java:158)
	at org.openzen.zencode.java.ScriptingEngine.createScriptedModule(ScriptingEngine.java:123)
	at com.blamejared.crafttweaker.api.zencode.impl.loaders.ScriptRun.readAndExecuteScripts(ScriptRun.java:112)
	at com.blamejared.crafttweaker.api.zencode.impl.loaders.ScriptRun.run(ScriptRun.java:100)
	at com.blamejared.crafttweaker.api.CraftTweakerAPI.loadScripts(CraftTweakerAPI.java:136)
	at com.blamejared.crafttweaker.api.CraftTweakerAPI.loadScripts(CraftTweakerAPI.java:119)
	at com.blamejared.crafttweaker.CraftTweaker$1.apply(CraftTweaker.java:219)
	at com.blamejared.crafttweaker.CraftTweaker$1.func_212853_a_(CraftTweaker.java:198)
	at net.minecraft.client.resources.ReloadListener.func_215269_a(SourceFile:13)
	at java.base/java.util.concurrent.CompletableFuture$UniAccept.tryFire(CompletableFuture.java:714)
	at java.base/java.util.concurrent.CompletableFuture$Completion.run(CompletableFuture.java:478)
	at net.minecraft.resources.AsyncReloader.func_219557_a(SourceFile:71)
	at net.minecraft.resources.AsyncReloader.func_219560_a(SourceFile:70)
	at java.base/java.util.concurrent.CompletableFuture$UniCompletion.claim(CompletableFuture.java:568)
	at java.base/java.util.concurrent.CompletableFuture$UniAccept.tryFire(CompletableFuture.java:710)
	at java.base/java.util.concurrent.CompletableFuture.postComplete(CompletableFuture.java:506)
	at java.base/java.util.concurrent.CompletableFuture.postFire(CompletableFuture.java:610)
	at java.base/java.util.concurrent.CompletableFuture$UniRun.tryFire(CompletableFuture.java:791)
	at java.base/java.util.concurrent.CompletableFuture$Completion.run(CompletableFuture.java:478)
	at net.minecraft.resources.AsyncReloader.func_219557_a(SourceFile:71)
	at net.minecraft.resources.AsyncReloader.func_219560_a(SourceFile:70)
	at java.base/java.util.concurrent.CompletableFuture$UniCompletion.claim(CompletableFuture.java:568)
	at java.base/java.util.concurrent.CompletableFuture$UniRun.tryFire(CompletableFuture.java:780)
	at java.base/java.util.concurrent.CompletableFuture.postComplete(CompletableFuture.java:506)
	at java.base/java.util.concurrent.CompletableFuture.postFire(CompletableFuture.java:610)
	at java.base/java.util.concurrent.CompletableFuture$UniAccept.tryFire(CompletableFuture.java:722)
	at java.base/java.util.concurrent.CompletableFuture$Completion.run(CompletableFuture.java:478)
	at net.minecraft.resources.AsyncReloader.func_219557_a(SourceFile:71)
	at net.minecraft.resources.AsyncReloader.func_219560_a(SourceFile:70)
	at java.base/java.util.concurrent.CompletableFuture$UniCompletion.claim(CompletableFuture.java:568)
	at java.base/java.util.concurrent.CompletableFuture$UniAccept.tryFire(CompletableFuture.java:710)
	at java.base/java.util.concurrent.CompletableFuture.postComplete(CompletableFuture.java:506)
	at java.base/java.util.concurrent.CompletableFuture$AsyncSupply.run(CompletableFuture.java:1705)
	at java.base/java.util.concurrent.CompletableFuture$AsyncSupply.exec(CompletableFuture.java:1692)
	at java.base/java.util.concurrent.ForkJoinTask.doExec(ForkJoinTask.java:290)
	at java.base/java.util.concurrent.ForkJoinPool$WorkQueue.topLevelExec(ForkJoinPool.java:1020)
	at java.base/java.util.concurrent.ForkJoinPool.scan(ForkJoinPool.java:1656)
	at java.base/java.util.concurrent.ForkJoinPool.runWorker(ForkJoinPool.java:1594)
	at java.base/java.util.concurrent.ForkJoinWorkerThread.run(ForkJoinWorkerThread.java:183)

[02:29:40.295][DONE][CLIENT][ERROR] Parser Exception @ enchantLock.zs:94:23 : Invalid parameters to BEP item: '<item:kubejs:forbid>. There may be more information about this in the log.
org.openzen.zenscript.lexer.ParseException: enchantLock.zs:94:23: Invalid parameters to BEP item: '<item:kubejs:forbid>. There may be more information about this in the log.
	at com.blamejared.crafttweaker.api.zencode.brackets.ValidatedEscapableBracketParser.parse(ValidatedEscapableBracketParser.java:115)
	at com.blamejared.crafttweaker.api.zencode.brackets.IgnorePrefixCasingBracketParser.parse(IgnorePrefixCasingBracketParser.java:84)
	at org.openzen.zenscript.parser.expression.ParsedExpression.readPrimaryExpression(ParsedExpression.java:562)
	at org.openzen.zenscript.parser.expression.ParsedExpression.readPostfixExpression(ParsedExpression.java:364)
	at org.openzen.zenscript.parser.expression.ParsedExpression.readUnaryExpression(ParsedExpression.java:359)
	at org.openzen.zenscript.parser.expression.ParsedExpression.readMulExpression(ParsedExpression.java:288)
	at org.openzen.zenscript.parser.expression.ParsedExpression.readAddExpression(ParsedExpression.java:258)
	at org.openzen.zenscript.parser.expression.ParsedExpression.readShiftExpression(ParsedExpression.java:237)
	at org.openzen.zenscript.parser.expression.ParsedExpression.readCompareExpression(ParsedExpression.java:166)
	at org.openzen.zenscript.parser.expression.ParsedExpression.readAndExpression(ParsedExpression.java:156)
	at org.openzen.zenscript.parser.expression.ParsedExpression.readXorExpression(ParsedExpression.java:146)
	at org.openzen.zenscript.parser.expression.ParsedExpression.readOrExpression(ParsedExpression.java:136)
	at org.openzen.zenscript.parser.expression.ParsedExpression.readAndAndExpression(ParsedExpression.java:126)
	at org.openzen.zenscript.parser.expression.ParsedExpression.readOrOrExpression(ParsedExpression.java:110)
	at org.openzen.zenscript.parser.expression.ParsedExpression.readConditionalExpression(ParsedExpression.java:97)
	at org.openzen.zenscript.parser.expression.ParsedExpression.readAssignExpression(ParsedExpression.java:49)
	at org.openzen.zenscript.parser.expression.ParsedExpression.readAssignExpression(ParsedExpression.java:54)
	at org.openzen.zenscript.parser.expression.ParsedExpression.parse(ParsedExpression.java:40)
	at org.openzen.zenscript.parser.statements.ParsedStatement.parse(ParsedStatement.java:299)
	at org.openzen.zenscript.parser.statements.ParsedStatement.parseBlock(ParsedStatement.java:66)
	at org.openzen.zenscript.parser.statements.ParsedStatement.parse(ParsedStatement.java:90)
	at org.openzen.zenscript.parser.statements.ParsedStatement.parse(ParsedStatement.java:81)
	at org.openzen.zenscript.parser.statements.ParsedStatement.parse(ParsedStatement.java:77)
	at org.openzen.zenscript.parser.statements.ParsedStatement.parse(ParsedStatement.java:125)
	at org.openzen.zenscript.parser.statements.ParsedStatement.parse(ParsedStatement.java:81)
	at org.openzen.zenscript.parser.statements.ParsedStatement.parse(ParsedStatement.java:77)
	at org.openzen.zenscript.parser.statements.ParsedStatement.parseLambdaBody(ParsedStatement.java:37)
	at org.openzen.zenscript.parser.expression.ParsedExpression.readPostfixExpression(ParsedExpression.java:409)
	at org.openzen.zenscript.parser.expression.ParsedExpression.readUnaryExpression(ParsedExpression.java:359)
	at org.openzen.zenscript.parser.expression.ParsedExpression.readMulExpression(ParsedExpression.java:288)
	at org.openzen.zenscript.parser.expression.ParsedExpression.readAddExpression(ParsedExpression.java:258)
	at org.openzen.zenscript.parser.expression.ParsedExpression.readShiftExpression(ParsedExpression.java:237)
	at org.openzen.zenscript.parser.expression.ParsedExpression.readCompareExpression(ParsedExpression.java:166)
	at org.openzen.zenscript.parser.expression.ParsedExpression.readAndExpression(ParsedExpression.java:156)
	at org.openzen.zenscript.parser.expression.ParsedExpression.readXorExpression(ParsedExpression.java:146)
	at org.openzen.zenscript.parser.expression.ParsedExpression.readOrExpression(ParsedExpression.java:136)
	at org.openzen.zenscript.parser.expression.ParsedExpression.readAndAndExpression(ParsedExpression.java:126)
	at org.openzen.zenscript.parser.expression.ParsedExpression.readOrOrExpression(ParsedExpression.java:110)
	at org.openzen.zenscript.parser.expression.ParsedExpression.readConditionalExpression(ParsedExpression.java:97)
	at org.openzen.zenscript.parser.expression.ParsedExpression.readAssignExpression(ParsedExpression.java:49)
	at org.openzen.zenscript.parser.expression.ParsedExpression.parse(ParsedExpression.java:40)
	at org.openzen.zenscript.parser.expression.ParsedCallArguments.parse(ParsedCallArguments.java:46)
	at org.openzen.zenscript.parser.expression.ParsedExpression.readPostfixExpression(ParsedExpression.java:399)
	at org.openzen.zenscript.parser.expression.ParsedExpression.readUnaryExpression(ParsedExpression.java:359)
	at org.openzen.zenscript.parser.expression.ParsedExpression.readMulExpression(ParsedExpression.java:288)
	at org.openzen.zenscript.parser.expression.ParsedExpression.readAddExpression(ParsedExpression.java:258)
	at org.openzen.zenscript.parser.expression.ParsedExpression.readShiftExpression(ParsedExpression.java:237)
	at org.openzen.zenscript.parser.expression.ParsedExpression.readCompareExpression(ParsedExpression.java:166)
	at org.openzen.zenscript.parser.expression.ParsedExpression.readAndExpression(ParsedExpression.java:156)
	at org.openzen.zenscript.parser.expression.ParsedExpression.readXorExpression(ParsedExpression.java:146)
	at org.openzen.zenscript.parser.expression.ParsedExpression.readOrExpression(ParsedExpression.java:136)
	at org.openzen.zenscript.parser.expression.ParsedExpression.readAndAndExpression(ParsedExpression.java:126)
	at org.openzen.zenscript.parser.expression.ParsedExpression.readOrOrExpression(ParsedExpression.java:110)
	at org.openzen.zenscript.parser.expression.ParsedExpression.readConditionalExpression(ParsedExpression.java:97)
	at org.openzen.zenscript.parser.expression.ParsedExpression.readAssignExpression(ParsedExpression.java:49)
	at org.openzen.zenscript.parser.expression.ParsedExpression.parse(ParsedExpression.java:40)
	at org.openzen.zenscript.parser.statements.ParsedStatement.parse(ParsedStatement.java:299)
	at org.openzen.zenscript.parser.statements.ParsedStatement.parse(ParsedStatement.java:81)
	at org.openzen.zenscript.parser.ParsedFile.parse(ParsedFile.java:215)
	at org.openzen.zenscript.parser.ParsedFile.parse(ParsedFile.java:158)
	at org.openzen.zencode.java.ScriptingEngine.createScriptedModule(ScriptingEngine.java:123)
	at com.blamejared.crafttweaker.api.zencode.impl.loaders.ScriptRun.readAndExecuteScripts(ScriptRun.java:112)
	at com.blamejared.crafttweaker.api.zencode.impl.loaders.ScriptRun.run(ScriptRun.java:100)
	at com.blamejared.crafttweaker.api.CraftTweakerAPI.loadScripts(CraftTweakerAPI.java:136)
	at com.blamejared.crafttweaker.api.CraftTweakerAPI.loadScripts(CraftTweakerAPI.java:119)
	at com.blamejared.crafttweaker.CraftTweaker$1.apply(CraftTweaker.java:219)
	at com.blamejared.crafttweaker.CraftTweaker$1.func_212853_a_(CraftTweaker.java:198)
	at net.minecraft.client.resources.ReloadListener.func_215269_a(SourceFile:13)
	at java.base/java.util.concurrent.CompletableFuture$UniAccept.tryFire(CompletableFuture.java:714)
	at java.base/java.util.concurrent.CompletableFuture$Completion.run(CompletableFuture.java:478)
	at net.minecraft.resources.AsyncReloader.func_219557_a(SourceFile:71)
	at net.minecraft.resources.AsyncReloader.func_219560_a(SourceFile:70)
	at java.base/java.util.concurrent.CompletableFuture$UniCompletion.claim(CompletableFuture.java:568)
	at java.base/java.util.concurrent.CompletableFuture$UniAccept.tryFire(CompletableFuture.java:710)
	at java.base/java.util.concurrent.CompletableFuture.postComplete(CompletableFuture.java:506)
	at java.base/java.util.concurrent.CompletableFuture.postFire(CompletableFuture.java:610)
	at java.base/java.util.concurrent.CompletableFuture$UniRun.tryFire(CompletableFuture.java:791)
	at java.base/java.util.concurrent.CompletableFuture$Completion.run(CompletableFuture.java:478)
	at net.minecraft.resources.AsyncReloader.func_219557_a(SourceFile:71)
	at net.minecraft.resources.AsyncReloader.func_219560_a(SourceFile:70)
	at java.base/java.util.concurrent.CompletableFuture$UniCompletion.claim(CompletableFuture.java:568)
	at java.base/java.util.concurrent.CompletableFuture$UniRun.tryFire(CompletableFuture.java:780)
	at java.base/java.util.concurrent.CompletableFuture.postComplete(CompletableFuture.java:506)
	at java.base/java.util.concurrent.CompletableFuture.postFire(CompletableFuture.java:610)
	at java.base/java.util.concurrent.CompletableFuture$UniAccept.tryFire(CompletableFuture.java:722)
	at java.base/java.util.concurrent.CompletableFuture$Completion.run(CompletableFuture.java:478)
	at net.minecraft.resources.AsyncReloader.func_219557_a(SourceFile:71)
	at net.minecraft.resources.AsyncReloader.func_219560_a(SourceFile:70)
	at java.base/java.util.concurrent.CompletableFuture$UniCompletion.claim(CompletableFuture.java:568)
	at java.base/java.util.concurrent.CompletableFuture$UniAccept.tryFire(CompletableFuture.java:710)
	at java.base/java.util.concurrent.CompletableFuture.postComplete(CompletableFuture.java:506)
	at java.base/java.util.concurrent.CompletableFuture$AsyncSupply.run(CompletableFuture.java:1705)
	at java.base/java.util.concurrent.CompletableFuture$AsyncSupply.exec(CompletableFuture.java:1692)
	at java.base/java.util.concurrent.ForkJoinTask.doExec(ForkJoinTask.java:290)
	at java.base/java.util.concurrent.ForkJoinPool$WorkQueue.topLevelExec(ForkJoinPool.java:1020)
	at java.base/java.util.concurrent.ForkJoinPool.scan(ForkJoinPool.java:1656)
	at java.base/java.util.concurrent.ForkJoinPool.runWorker(ForkJoinPool.java:1594)
	at java.base/java.util.concurrent.ForkJoinWorkerThread.run(ForkJoinWorkerThread.java:183)

[02:29:40.295][DONE][CLIENT][ERROR] Parser Exception @ enchantLock.zs:95:4 : Type expected (got })
org.openzen.zenscript.lexer.ParseException: enchantLock.zs:95:4: Type expected (got })
	at org.openzen.zenscript.parser.type.IParsedType.parse(IParsedType.java:24)
	at org.openzen.zenscript.parser.expression.ParsedExpression.readPrimaryExpression(ParsedExpression.java:564)
	at org.openzen.zenscript.parser.expression.ParsedExpression.readPostfixExpression(ParsedExpression.java:364)
	at org.openzen.zenscript.parser.expression.ParsedExpression.readUnaryExpression(ParsedExpression.java:359)
	at org.openzen.zenscript.parser.expression.ParsedExpression.readMulExpression(ParsedExpression.java:288)
	at org.openzen.zenscript.parser.expression.ParsedExpression.readAddExpression(ParsedExpression.java:258)
	at org.openzen.zenscript.parser.expression.ParsedExpression.readShiftExpression(ParsedExpression.java:237)
	at org.openzen.zenscript.parser.expression.ParsedExpression.readCompareExpression(ParsedExpression.java:166)
	at org.openzen.zenscript.parser.expression.ParsedExpression.readAndExpression(ParsedExpression.java:156)
	at org.openzen.zenscript.parser.expression.ParsedExpression.readXorExpression(ParsedExpression.java:146)
	at org.openzen.zenscript.parser.expression.ParsedExpression.readOrExpression(ParsedExpression.java:136)
	at org.openzen.zenscript.parser.expression.ParsedExpression.readAndAndExpression(ParsedExpression.java:126)
	at org.openzen.zenscript.parser.expression.ParsedExpression.readOrOrExpression(ParsedExpression.java:110)
	at org.openzen.zenscript.parser.expression.ParsedExpression.readConditionalExpression(ParsedExpression.java:97)
	at org.openzen.zenscript.parser.expression.ParsedExpression.readAssignExpression(ParsedExpression.java:49)
	at org.openzen.zenscript.parser.expression.ParsedExpression.parse(ParsedExpression.java:40)
	at org.openzen.zenscript.parser.statements.ParsedStatement.parse(ParsedStatement.java:299)
	at org.openzen.zenscript.parser.statements.ParsedStatement.parse(ParsedStatement.java:81)
	at org.openzen.zenscript.parser.ParsedFile.parse(ParsedFile.java:215)
	at org.openzen.zenscript.parser.ParsedFile.parse(ParsedFile.java:158)
	at org.openzen.zencode.java.ScriptingEngine.createScriptedModule(ScriptingEngine.java:123)
	at com.blamejared.crafttweaker.api.zencode.impl.loaders.ScriptRun.readAndExecuteScripts(ScriptRun.java:112)
	at com.blamejared.crafttweaker.api.zencode.impl.loaders.ScriptRun.run(ScriptRun.java:100)
	at com.blamejared.crafttweaker.api.CraftTweakerAPI.loadScripts(CraftTweakerAPI.java:136)
	at com.blamejared.crafttweaker.api.CraftTweakerAPI.loadScripts(CraftTweakerAPI.java:119)
	at com.blamejared.crafttweaker.CraftTweaker$1.apply(CraftTweaker.java:219)
	at com.blamejared.crafttweaker.CraftTweaker$1.func_212853_a_(CraftTweaker.java:198)
	at net.minecraft.client.resources.ReloadListener.func_215269_a(SourceFile:13)
	at java.base/java.util.concurrent.CompletableFuture$UniAccept.tryFire(CompletableFuture.java:714)
	at java.base/java.util.concurrent.CompletableFuture$Completion.run(CompletableFuture.java:478)
	at net.minecraft.resources.AsyncReloader.func_219557_a(SourceFile:71)
	at net.minecraft.resources.AsyncReloader.func_219560_a(SourceFile:70)
	at java.base/java.util.concurrent.CompletableFuture$UniCompletion.claim(CompletableFuture.java:568)
	at java.base/java.util.concurrent.CompletableFuture$UniAccept.tryFire(CompletableFuture.java:710)
	at java.base/java.util.concurrent.CompletableFuture.postComplete(CompletableFuture.java:506)
	at java.base/java.util.concurrent.CompletableFuture.postFire(CompletableFuture.java:610)
	at java.base/java.util.concurrent.CompletableFuture$UniRun.tryFire(CompletableFuture.java:791)
	at java.base/java.util.concurrent.CompletableFuture$Completion.run(CompletableFuture.java:478)
	at net.minecraft.resources.AsyncReloader.func_219557_a(SourceFile:71)
	at net.minecraft.resources.AsyncReloader.func_219560_a(SourceFile:70)
	at java.base/java.util.concurrent.CompletableFuture$UniCompletion.claim(CompletableFuture.java:568)
	at java.base/java.util.concurrent.CompletableFuture$UniRun.tryFire(CompletableFuture.java:780)
	at java.base/java.util.concurrent.CompletableFuture.postComplete(CompletableFuture.java:506)
	at java.base/java.util.concurrent.CompletableFuture.postFire(CompletableFuture.java:610)
	at java.base/java.util.concurrent.CompletableFuture$UniAccept.tryFire(CompletableFuture.java:722)
	at java.base/java.util.concurrent.CompletableFuture$Completion.run(CompletableFuture.java:478)
	at net.minecraft.resources.AsyncReloader.func_219557_a(SourceFile:71)
	at net.minecraft.resources.AsyncReloader.func_219560_a(SourceFile:70)
	at java.base/java.util.concurrent.CompletableFuture$UniCompletion.claim(CompletableFuture.java:568)
	at java.base/java.util.concurrent.CompletableFuture$UniAccept.tryFire(CompletableFuture.java:710)
	at java.base/java.util.concurrent.CompletableFuture.postComplete(CompletableFuture.java:506)
	at java.base/java.util.concurrent.CompletableFuture$AsyncSupply.run(CompletableFuture.java:1705)
	at java.base/java.util.concurrent.CompletableFuture$AsyncSupply.exec(CompletableFuture.java:1692)
	at java.base/java.util.concurrent.ForkJoinTask.doExec(ForkJoinTask.java:290)
	at java.base/java.util.concurrent.ForkJoinPool$WorkQueue.topLevelExec(ForkJoinPool.java:1020)
	at java.base/java.util.concurrent.ForkJoinPool.scan(ForkJoinPool.java:1656)
	at java.base/java.util.concurrent.ForkJoinPool.runWorker(ForkJoinPool.java:1594)
	at java.base/java.util.concurrent.ForkJoinWorkerThread.run(ForkJoinWorkerThread.java:183)

[02:29:40.296][DONE][CLIENT][ERROR] Scripts are invalid!
[02:29:40.296][DONE][CLIENT][INFO] Finished loading Scripts!
[02:29:40.298][DONE][CLIENT][INFO] This reload was made possible by NerdyWhiteGuy and more! Become a patron at https://patreon.com/jaredlll08?s=crtmod
